2019-10-03 15:31:45,436 - INFO: Connector | set dbname to: redshift
2019-10-03 15:31:45,436 - INFO: Connector | set url to: panamera-ods.cnsuxis6zqxr.us-west-2.redshift.amazonaws.com:5439/panameraods
2019-10-03 15:31:45,437 - INFO: Connector | set username to: lucasdresl
2019-10-03 15:31:51,446 - INFO: Connector | Connected to: postgresql://lucasdresl:cQsY801a76x82x62aWDT@panamera-ods.cnsuxis6zqxr.us-west-2.redshift.amazonaws.com:5439/panameraods
2019-10-03 15:31:57,012 - INFO: Jack | Created Searchers query SELECT date_nk,channel_sk,COUNT(DISTINCT session_long_sk) searchers FROM ods.fact_user_hydra_browsing_activity WHERE date_nk BETWEEN '2019-09-01' AND '2019-09-05' AND is_panamera AND num_searches>0 AND country_sk='olx|asia|in' GROUP BY date_nk,channel_sk
2019-10-03 15:31:57,012 - INFO: Jack | Query hash: 8b1cda00fb8b0d346f945de790369d43
2019-10-03 15:32:34,538 - INFO: Jack | Created Searchers query SELECT date_nk,channel_sk,COUNT(DISTINCT session_long_sk) searchers FROM ods.fact_user_hydra_browsing_activity WHERE date_nk BETWEEN '2019-09-01' AND '2019-09-05' AND is_panamera AND num_searches>0 AND country_sk='olx|asia|in' GROUP BY date_nk,channel_sk
2019-10-03 15:32:34,538 - INFO: Jack | Query hash: 8b1cda00fb8b0d346f945de790369d43
2019-10-03 15:32:36,555 - INFO: Store | Stored 8b1cda00fb8b0d346f945de790369d43 to the cache
2019-10-03 15:32:36,555 - INFO: Jack | Result size: (20, 3)
2019-10-03 15:32:36,571 - INFO: Jack | Created AdViewers query SELECT date_nk,channel_sk,COUNT(DISTINCT session_long_sk) adviewers FROM ods.fact_user_hydra_browsing_activity WHERE date_nk BETWEEN '2019-09-01' AND '2019-09-05' AND is_panamera AND num_adviews>0 AND country_sk='olx|asia|in' GROUP BY date_nk,channel_sk
2019-10-03 15:32:36,571 - INFO: Jack | Query hash: 1be3e422ee58d97cb9d820d280bd41a0
2019-10-03 15:32:38,660 - INFO: Store | Stored 1be3e422ee58d97cb9d820d280bd41a0 to the cache
2019-10-03 15:32:38,660 - INFO: Jack | Result size: (20, 3)
2019-10-03 15:40:46,211 - INFO: Jack | Created DAU query SELECT date_event_nk date,COUNT(DISTINCT session_long) dau FROM ods.panameraolx_asia_hydra_ninja_android_201901 WHERE trackevent NOT IN ('app_open','on_create','apps','push_dis','pushDis','push_rcv','pushRcv','UAReg','ua_reg','uareg','push_dismissed','push_show','fetching_matrix','not_found','permissions_impression','userBadgeCount','test_assignment','test_impression','test_discovered','FCMReg','APNSReg','appOpn','appOpen','google_play_services','fetchTestDefinitionsError','messages_scheduler_ended','messages_scheduler_started','chat_auth_fail') AND country_sk='olx|asia|in' GROUP BY date_event_nk ORDER BY date_event_nk
2019-10-03 15:40:46,211 - INFO: Jack | Query hash: dd934d09ccf0064432d2a7313b349960
2019-10-03 15:41:14,252 - INFO: Store | Stored dd934d09ccf0064432d2a7313b349960 to the cache
2019-10-03 15:41:14,252 - INFO: Jack | Result size: (32, 2)
2019-10-03 15:41:37,727 - INFO: Jack | Created DAU query SELECT date_event_nk date,COUNT(DISTINCT session_long) dau FROM ods.panameraolx_asia_hydra_ninja_android_201901 WHERE trackevent NOT IN ('app_open','on_create','apps','push_dis','pushDis','push_rcv','pushRcv','UAReg','ua_reg','uareg','push_dismissed','push_show','fetching_matrix','not_found','permissions_impression','userBadgeCount','test_assignment','test_impression','test_discovered','FCMReg','APNSReg','appOpn','appOpen','google_play_services','fetchTestDefinitionsError','messages_scheduler_ended','messages_scheduler_started','chat_auth_fail') AND country_sk='olx|asia|in' GROUP BY date_event_nk ORDER BY date_event_nk
2019-10-03 15:41:37,727 - INFO: Jack | Query hash: dd934d09ccf0064432d2a7313b349960
2019-10-03 15:41:37,733 - INFO: Jack | Found cached result for dd934d09ccf0064432d2a7313b349960
2019-10-03 15:41:37,733 - INFO: Jack | Result size: (32, 2)
2019-10-03 15:48:18,735 - INFO: Jack | Created DAU query SELECT date_event_nk date,COUNT(DISTINCT session_long) dau FROM ods.panameraolx_asia_hydra_ninja_android_201901 WHERE trackevent NOT IN ('app_open','on_create','apps','push_dis','pushDis','push_rcv','pushRcv','UAReg','ua_reg','uareg','push_dismissed','push_show','fetching_matrix','not_found','permissions_impression','userBadgeCount','test_assignment','test_impression','test_discovered','FCMReg','APNSReg','appOpn','appOpen','google_play_services','fetchTestDefinitionsError','messages_scheduler_ended','messages_scheduler_started','chat_auth_fail') AND country_sk='olx|asia|in' GROUP BY date_event_nk ORDER BY date_event_nk
2019-10-03 15:48:18,735 - INFO: Jack | Query hash: dd934d09ccf0064432d2a7313b349960
2019-10-03 15:48:18,739 - INFO: Jack | Found cached result for dd934d09ccf0064432d2a7313b349960
2019-10-03 15:48:18,739 - INFO: Jack | Result size: (32, 2)
2019-10-03 15:48:18,741 - INFO: Jack | Created DAU query SELECT date_event_nk date,COUNT(DISTINCT session_long) dau FROM ods.panameraolx_asia_hydra_ninja_android_201902 WHERE trackevent NOT IN ('app_open','on_create','apps','push_dis','pushDis','push_rcv','pushRcv','UAReg','ua_reg','uareg','push_dismissed','push_show','fetching_matrix','not_found','permissions_impression','userBadgeCount','test_assignment','test_impression','test_discovered','FCMReg','APNSReg','appOpn','appOpen','google_play_services','fetchTestDefinitionsError','messages_scheduler_ended','messages_scheduler_started','chat_auth_fail') AND country_sk='olx|asia|in' GROUP BY date_event_nk ORDER BY date_event_nk
2019-10-03 15:48:18,741 - INFO: Jack | Query hash: c6b3a4d09d6a496397c6ef2a3fb075f4
2019-10-03 15:48:42,239 - INFO: Store | Stored c6b3a4d09d6a496397c6ef2a3fb075f4 to the cache
2019-10-03 15:48:42,239 - INFO: Jack | Result size: (29, 2)
2019-10-03 15:48:42,241 - INFO: Jack | Created DAU query SELECT date_event_nk date,COUNT(DISTINCT session_long) dau FROM ods.panameraolx_asia_hydra_ninja_android_201903 WHERE trackevent NOT IN ('app_open','on_create','apps','push_dis','pushDis','push_rcv','pushRcv','UAReg','ua_reg','uareg','push_dismissed','push_show','fetching_matrix','not_found','permissions_impression','userBadgeCount','test_assignment','test_impression','test_discovered','FCMReg','APNSReg','appOpn','appOpen','google_play_services','fetchTestDefinitionsError','messages_scheduler_ended','messages_scheduler_started','chat_auth_fail') AND country_sk='olx|asia|in' GROUP BY date_event_nk ORDER BY date_event_nk
2019-10-03 15:48:42,241 - INFO: Jack | Query hash: 978dbf4eb67a5163335827d81e9fe0cb
2019-10-03 15:49:15,517 - INFO: Store | Stored 978dbf4eb67a5163335827d81e9fe0cb to the cache
2019-10-03 15:49:15,517 - INFO: Jack | Result size: (32, 2)
2019-10-03 15:50:58,910 - INFO: Jack | Created DAU query SELECT date_event_nk date,COUNT(DISTINCT session_long) dau FROM ods.panameraolx_asia_hydra_ninja_android_201901 WHERE trackevent NOT IN ('app_open','on_create','apps','push_dis','pushDis','push_rcv','pushRcv','UAReg','ua_reg','uareg','push_dismissed','push_show','fetching_matrix','not_found','permissions_impression','userBadgeCount','test_assignment','test_impression','test_discovered','FCMReg','APNSReg','appOpn','appOpen','google_play_services','fetchTestDefinitionsError','messages_scheduler_ended','messages_scheduler_started','chat_auth_fail') AND country_sk='olx|asia|in' GROUP BY date_event_nk ORDER BY date_event_nk
2019-10-03 15:50:58,911 - INFO: Jack | Query hash: dd934d09ccf0064432d2a7313b349960
2019-10-03 15:50:58,915 - INFO: Jack | Found cached result for dd934d09ccf0064432d2a7313b349960
2019-10-03 15:50:58,915 - INFO: Jack | Result size: (32, 2)
2019-10-03 15:50:58,917 - INFO: Jack | Created DAU query SELECT date_event_nk date,COUNT(DISTINCT session_long) dau FROM ods.panameraolx_asia_hydra_ninja_android_201902 WHERE trackevent NOT IN ('app_open','on_create','apps','push_dis','pushDis','push_rcv','pushRcv','UAReg','ua_reg','uareg','push_dismissed','push_show','fetching_matrix','not_found','permissions_impression','userBadgeCount','test_assignment','test_impression','test_discovered','FCMReg','APNSReg','appOpn','appOpen','google_play_services','fetchTestDefinitionsError','messages_scheduler_ended','messages_scheduler_started','chat_auth_fail') AND country_sk='olx|asia|in' GROUP BY date_event_nk ORDER BY date_event_nk
2019-10-03 15:50:58,917 - INFO: Jack | Query hash: c6b3a4d09d6a496397c6ef2a3fb075f4
2019-10-03 15:50:58,919 - INFO: Jack | Found cached result for c6b3a4d09d6a496397c6ef2a3fb075f4
2019-10-03 15:50:58,919 - INFO: Jack | Result size: (29, 2)
2019-10-03 15:50:58,921 - INFO: Jack | Created DAU query SELECT date_event_nk date,COUNT(DISTINCT session_long) dau FROM ods.panameraolx_asia_hydra_ninja_android_201903 WHERE trackevent NOT IN ('app_open','on_create','apps','push_dis','pushDis','push_rcv','pushRcv','UAReg','ua_reg','uareg','push_dismissed','push_show','fetching_matrix','not_found','permissions_impression','userBadgeCount','test_assignment','test_impression','test_discovered','FCMReg','APNSReg','appOpn','appOpen','google_play_services','fetchTestDefinitionsError','messages_scheduler_ended','messages_scheduler_started','chat_auth_fail') AND country_sk='olx|asia|in' GROUP BY date_event_nk ORDER BY date_event_nk
2019-10-03 15:50:58,921 - INFO: Jack | Query hash: 978dbf4eb67a5163335827d81e9fe0cb
2019-10-03 15:50:58,927 - INFO: Jack | Found cached result for 978dbf4eb67a5163335827d81e9fe0cb
2019-10-03 15:50:58,928 - INFO: Jack | Result size: (32, 2)
2019-10-03 15:51:25,379 - INFO: Jack | Created DAU query SELECT date_event_nk date,COUNT(DISTINCT session_long) dau FROM ods.panameraolx_asia_hydra_ninja_android_201901 WHERE trackevent NOT IN ('app_open','on_create','apps','push_dis','pushDis','push_rcv','pushRcv','UAReg','ua_reg','uareg','push_dismissed','push_show','fetching_matrix','not_found','permissions_impression','userBadgeCount','test_assignment','test_impression','test_discovered','FCMReg','APNSReg','appOpn','appOpen','google_play_services','fetchTestDefinitionsError','messages_scheduler_ended','messages_scheduler_started','chat_auth_fail') AND country_sk='olx|asia|in' GROUP BY date_event_nk ORDER BY date_event_nk
2019-10-03 15:51:25,380 - INFO: Jack | Query hash: dd934d09ccf0064432d2a7313b349960
2019-10-03 15:51:25,385 - INFO: Jack | Found cached result for dd934d09ccf0064432d2a7313b349960
2019-10-03 15:51:25,385 - INFO: Jack | Result size: (32, 2)
2019-10-03 15:51:25,387 - INFO: Jack | Created DAU query SELECT date_event_nk date,COUNT(DISTINCT session_long) dau FROM ods.panameraolx_asia_hydra_ninja_android_201902 WHERE trackevent NOT IN ('app_open','on_create','apps','push_dis','pushDis','push_rcv','pushRcv','UAReg','ua_reg','uareg','push_dismissed','push_show','fetching_matrix','not_found','permissions_impression','userBadgeCount','test_assignment','test_impression','test_discovered','FCMReg','APNSReg','appOpn','appOpen','google_play_services','fetchTestDefinitionsError','messages_scheduler_ended','messages_scheduler_started','chat_auth_fail') AND country_sk='olx|asia|in' GROUP BY date_event_nk ORDER BY date_event_nk
2019-10-03 15:51:25,387 - INFO: Jack | Query hash: c6b3a4d09d6a496397c6ef2a3fb075f4
2019-10-03 15:51:25,391 - INFO: Jack | Found cached result for c6b3a4d09d6a496397c6ef2a3fb075f4
2019-10-03 15:51:25,391 - INFO: Jack | Result size: (29, 2)
2019-10-03 15:51:25,392 - INFO: Jack | Created DAU query SELECT date_event_nk date,COUNT(DISTINCT session_long) dau FROM ods.panameraolx_asia_hydra_ninja_android_201903 WHERE trackevent NOT IN ('app_open','on_create','apps','push_dis','pushDis','push_rcv','pushRcv','UAReg','ua_reg','uareg','push_dismissed','push_show','fetching_matrix','not_found','permissions_impression','userBadgeCount','test_assignment','test_impression','test_discovered','FCMReg','APNSReg','appOpn','appOpen','google_play_services','fetchTestDefinitionsError','messages_scheduler_ended','messages_scheduler_started','chat_auth_fail') AND country_sk='olx|asia|in' GROUP BY date_event_nk ORDER BY date_event_nk
2019-10-03 15:51:25,393 - INFO: Jack | Query hash: 978dbf4eb67a5163335827d81e9fe0cb
2019-10-03 15:51:25,401 - INFO: Jack | Found cached result for 978dbf4eb67a5163335827d81e9fe0cb
2019-10-03 15:51:25,401 - INFO: Jack | Result size: (32, 2)
2019-10-03 15:52:08,459 - INFO: Jack | Created DAU query SELECT date_event_nk date,COUNT(DISTINCT session_long) dau FROM ods.panameraolx_asia_hydra_ninja_android_201901 WHERE trackevent NOT IN ('app_open','on_create','apps','push_dis','pushDis','push_rcv','pushRcv','UAReg','ua_reg','uareg','push_dismissed','push_show','fetching_matrix','not_found','permissions_impression','userBadgeCount','test_assignment','test_impression','test_discovered','FCMReg','APNSReg','appOpn','appOpen','google_play_services','fetchTestDefinitionsError','messages_scheduler_ended','messages_scheduler_started','chat_auth_fail') AND country_sk='olx|asia|in' GROUP BY date_event_nk ORDER BY date_event_nk
2019-10-03 15:52:08,459 - INFO: Jack | Query hash: dd934d09ccf0064432d2a7313b349960
2019-10-03 15:52:08,463 - INFO: Jack | Found cached result for dd934d09ccf0064432d2a7313b349960
2019-10-03 15:52:08,464 - INFO: Jack | Result size: (32, 2)
2019-10-03 15:52:08,467 - INFO: Jack | Created DAU query SELECT date_event_nk date,COUNT(DISTINCT session_long) dau FROM ods.panameraolx_asia_hydra_ninja_android_201902 WHERE trackevent NOT IN ('app_open','on_create','apps','push_dis','pushDis','push_rcv','pushRcv','UAReg','ua_reg','uareg','push_dismissed','push_show','fetching_matrix','not_found','permissions_impression','userBadgeCount','test_assignment','test_impression','test_discovered','FCMReg','APNSReg','appOpn','appOpen','google_play_services','fetchTestDefinitionsError','messages_scheduler_ended','messages_scheduler_started','chat_auth_fail') AND country_sk='olx|asia|in' GROUP BY date_event_nk ORDER BY date_event_nk
2019-10-03 15:52:08,467 - INFO: Jack | Query hash: c6b3a4d09d6a496397c6ef2a3fb075f4
2019-10-03 15:52:08,472 - INFO: Jack | Found cached result for c6b3a4d09d6a496397c6ef2a3fb075f4
2019-10-03 15:52:08,472 - INFO: Jack | Result size: (29, 2)
2019-10-03 15:52:18,053 - INFO: Jack | Created DAU query SELECT date_event_nk date,COUNT(DISTINCT session_long) dau FROM ods.panameraolx_asia_hydra_ninja_android_201901 WHERE trackevent NOT IN ('app_open','on_create','apps','push_dis','pushDis','push_rcv','pushRcv','UAReg','ua_reg','uareg','push_dismissed','push_show','fetching_matrix','not_found','permissions_impression','userBadgeCount','test_assignment','test_impression','test_discovered','FCMReg','APNSReg','appOpn','appOpen','google_play_services','fetchTestDefinitionsError','messages_scheduler_ended','messages_scheduler_started','chat_auth_fail') AND country_sk='olx|asia|in' GROUP BY date_event_nk ORDER BY date_event_nk
2019-10-03 15:52:18,053 - INFO: Jack | Query hash: dd934d09ccf0064432d2a7313b349960
2019-10-03 15:52:18,058 - INFO: Jack | Found cached result for dd934d09ccf0064432d2a7313b349960
2019-10-03 15:52:18,059 - INFO: Jack | Result size: (32, 2)
2019-10-03 15:52:18,063 - INFO: Jack | Created DAU query SELECT date_event_nk date,COUNT(DISTINCT session_long) dau FROM ods.panameraolx_asia_hydra_ninja_android_201902 WHERE trackevent NOT IN ('app_open','on_create','apps','push_dis','pushDis','push_rcv','pushRcv','UAReg','ua_reg','uareg','push_dismissed','push_show','fetching_matrix','not_found','permissions_impression','userBadgeCount','test_assignment','test_impression','test_discovered','FCMReg','APNSReg','appOpn','appOpen','google_play_services','fetchTestDefinitionsError','messages_scheduler_ended','messages_scheduler_started','chat_auth_fail') AND country_sk='olx|asia|in' GROUP BY date_event_nk ORDER BY date_event_nk
2019-10-03 15:52:18,063 - INFO: Jack | Query hash: c6b3a4d09d6a496397c6ef2a3fb075f4
2019-10-03 15:52:18,066 - INFO: Jack | Found cached result for c6b3a4d09d6a496397c6ef2a3fb075f4
2019-10-03 15:52:18,067 - INFO: Jack | Result size: (29, 2)
2019-10-03 15:52:18,537 - INFO: Jack | Created DAU query SELECT date_event_nk date,COUNT(DISTINCT session_long) dau FROM ods.panameraolx_asia_hydra_ninja_android_201901 WHERE trackevent NOT IN ('app_open','on_create','apps','push_dis','pushDis','push_rcv','pushRcv','UAReg','ua_reg','uareg','push_dismissed','push_show','fetching_matrix','not_found','permissions_impression','userBadgeCount','test_assignment','test_impression','test_discovered','FCMReg','APNSReg','appOpn','appOpen','google_play_services','fetchTestDefinitionsError','messages_scheduler_ended','messages_scheduler_started','chat_auth_fail') AND country_sk='olx|asia|in' GROUP BY date_event_nk ORDER BY date_event_nk
2019-10-03 15:52:18,537 - INFO: Jack | Query hash: dd934d09ccf0064432d2a7313b349960
2019-10-03 15:52:18,541 - INFO: Jack | Found cached result for dd934d09ccf0064432d2a7313b349960
2019-10-03 15:52:18,541 - INFO: Jack | Result size: (32, 2)
2019-10-03 15:52:18,542 - INFO: Jack | Created DAU query SELECT date_event_nk date,COUNT(DISTINCT session_long) dau FROM ods.panameraolx_asia_hydra_ninja_android_201902 WHERE trackevent NOT IN ('app_open','on_create','apps','push_dis','pushDis','push_rcv','pushRcv','UAReg','ua_reg','uareg','push_dismissed','push_show','fetching_matrix','not_found','permissions_impression','userBadgeCount','test_assignment','test_impression','test_discovered','FCMReg','APNSReg','appOpn','appOpen','google_play_services','fetchTestDefinitionsError','messages_scheduler_ended','messages_scheduler_started','chat_auth_fail') AND country_sk='olx|asia|in' GROUP BY date_event_nk ORDER BY date_event_nk
2019-10-03 15:52:18,542 - INFO: Jack | Query hash: c6b3a4d09d6a496397c6ef2a3fb075f4
2019-10-03 15:52:18,546 - INFO: Jack | Found cached result for c6b3a4d09d6a496397c6ef2a3fb075f4
2019-10-03 15:52:18,546 - INFO: Jack | Result size: (29, 2)
2019-10-03 15:52:18,716 - INFO: Jack | Created DAU query SELECT date_event_nk date,COUNT(DISTINCT session_long) dau FROM ods.panameraolx_asia_hydra_ninja_android_201901 WHERE trackevent NOT IN ('app_open','on_create','apps','push_dis','pushDis','push_rcv','pushRcv','UAReg','ua_reg','uareg','push_dismissed','push_show','fetching_matrix','not_found','permissions_impression','userBadgeCount','test_assignment','test_impression','test_discovered','FCMReg','APNSReg','appOpn','appOpen','google_play_services','fetchTestDefinitionsError','messages_scheduler_ended','messages_scheduler_started','chat_auth_fail') AND country_sk='olx|asia|in' GROUP BY date_event_nk ORDER BY date_event_nk
2019-10-03 15:52:18,716 - INFO: Jack | Query hash: dd934d09ccf0064432d2a7313b349960
2019-10-03 15:52:18,721 - INFO: Jack | Found cached result for dd934d09ccf0064432d2a7313b349960
2019-10-03 15:52:18,721 - INFO: Jack | Result size: (32, 2)
2019-10-03 15:52:18,723 - INFO: Jack | Created DAU query SELECT date_event_nk date,COUNT(DISTINCT session_long) dau FROM ods.panameraolx_asia_hydra_ninja_android_201902 WHERE trackevent NOT IN ('app_open','on_create','apps','push_dis','pushDis','push_rcv','pushRcv','UAReg','ua_reg','uareg','push_dismissed','push_show','fetching_matrix','not_found','permissions_impression','userBadgeCount','test_assignment','test_impression','test_discovered','FCMReg','APNSReg','appOpn','appOpen','google_play_services','fetchTestDefinitionsError','messages_scheduler_ended','messages_scheduler_started','chat_auth_fail') AND country_sk='olx|asia|in' GROUP BY date_event_nk ORDER BY date_event_nk
2019-10-03 15:52:18,723 - INFO: Jack | Query hash: c6b3a4d09d6a496397c6ef2a3fb075f4
2019-10-03 15:52:18,727 - INFO: Jack | Found cached result for c6b3a4d09d6a496397c6ef2a3fb075f4
2019-10-03 15:52:18,727 - INFO: Jack | Result size: (29, 2)
2019-10-03 15:52:18,875 - INFO: Jack | Created DAU query SELECT date_event_nk date,COUNT(DISTINCT session_long) dau FROM ods.panameraolx_asia_hydra_ninja_android_201901 WHERE trackevent NOT IN ('app_open','on_create','apps','push_dis','pushDis','push_rcv','pushRcv','UAReg','ua_reg','uareg','push_dismissed','push_show','fetching_matrix','not_found','permissions_impression','userBadgeCount','test_assignment','test_impression','test_discovered','FCMReg','APNSReg','appOpn','appOpen','google_play_services','fetchTestDefinitionsError','messages_scheduler_ended','messages_scheduler_started','chat_auth_fail') AND country_sk='olx|asia|in' GROUP BY date_event_nk ORDER BY date_event_nk
2019-10-03 15:52:18,875 - INFO: Jack | Query hash: dd934d09ccf0064432d2a7313b349960
2019-10-03 15:52:18,880 - INFO: Jack | Found cached result for dd934d09ccf0064432d2a7313b349960
2019-10-03 15:52:18,881 - INFO: Jack | Result size: (32, 2)
2019-10-03 15:52:18,882 - INFO: Jack | Created DAU query SELECT date_event_nk date,COUNT(DISTINCT session_long) dau FROM ods.panameraolx_asia_hydra_ninja_android_201902 WHERE trackevent NOT IN ('app_open','on_create','apps','push_dis','pushDis','push_rcv','pushRcv','UAReg','ua_reg','uareg','push_dismissed','push_show','fetching_matrix','not_found','permissions_impression','userBadgeCount','test_assignment','test_impression','test_discovered','FCMReg','APNSReg','appOpn','appOpen','google_play_services','fetchTestDefinitionsError','messages_scheduler_ended','messages_scheduler_started','chat_auth_fail') AND country_sk='olx|asia|in' GROUP BY date_event_nk ORDER BY date_event_nk
2019-10-03 15:52:18,882 - INFO: Jack | Query hash: c6b3a4d09d6a496397c6ef2a3fb075f4
2019-10-03 15:52:18,886 - INFO: Jack | Found cached result for c6b3a4d09d6a496397c6ef2a3fb075f4
2019-10-03 15:52:18,886 - INFO: Jack | Result size: (29, 2)
2019-10-03 15:52:23,245 - INFO: Jack | Created DAU query SELECT date_event_nk date,COUNT(DISTINCT session_long) dau FROM ods.panameraolx_asia_hydra_ninja_android_201901 WHERE trackevent NOT IN ('app_open','on_create','apps','push_dis','pushDis','push_rcv','pushRcv','UAReg','ua_reg','uareg','push_dismissed','push_show','fetching_matrix','not_found','permissions_impression','userBadgeCount','test_assignment','test_impression','test_discovered','FCMReg','APNSReg','appOpn','appOpen','google_play_services','fetchTestDefinitionsError','messages_scheduler_ended','messages_scheduler_started','chat_auth_fail') AND country_sk='olx|asia|in' GROUP BY date_event_nk ORDER BY date_event_nk
2019-10-03 15:52:23,245 - INFO: Jack | Query hash: dd934d09ccf0064432d2a7313b349960
2019-10-03 15:52:23,250 - INFO: Jack | Found cached result for dd934d09ccf0064432d2a7313b349960
2019-10-03 15:52:23,250 - INFO: Jack | Result size: (32, 2)
2019-10-03 15:52:23,251 - INFO: Jack | Created DAU query SELECT date_event_nk date,COUNT(DISTINCT session_long) dau FROM ods.panameraolx_asia_hydra_ninja_android_201902 WHERE trackevent NOT IN ('app_open','on_create','apps','push_dis','pushDis','push_rcv','pushRcv','UAReg','ua_reg','uareg','push_dismissed','push_show','fetching_matrix','not_found','permissions_impression','userBadgeCount','test_assignment','test_impression','test_discovered','FCMReg','APNSReg','appOpn','appOpen','google_play_services','fetchTestDefinitionsError','messages_scheduler_ended','messages_scheduler_started','chat_auth_fail') AND country_sk='olx|asia|in' GROUP BY date_event_nk ORDER BY date_event_nk
2019-10-03 15:52:23,252 - INFO: Jack | Query hash: c6b3a4d09d6a496397c6ef2a3fb075f4
2019-10-03 15:52:23,257 - INFO: Jack | Found cached result for c6b3a4d09d6a496397c6ef2a3fb075f4
2019-10-03 15:52:23,257 - INFO: Jack | Result size: (29, 2)
2019-10-03 15:52:23,260 - INFO: Jack | Created DAU query SELECT date_event_nk date,COUNT(DISTINCT session_long) dau FROM ods.panameraolx_asia_hydra_ninja_android_201903 WHERE trackevent NOT IN ('app_open','on_create','apps','push_dis','pushDis','push_rcv','pushRcv','UAReg','ua_reg','uareg','push_dismissed','push_show','fetching_matrix','not_found','permissions_impression','userBadgeCount','test_assignment','test_impression','test_discovered','FCMReg','APNSReg','appOpn','appOpen','google_play_services','fetchTestDefinitionsError','messages_scheduler_ended','messages_scheduler_started','chat_auth_fail') AND country_sk='olx|asia|in' GROUP BY date_event_nk ORDER BY date_event_nk
2019-10-03 15:52:23,261 - INFO: Jack | Query hash: 978dbf4eb67a5163335827d81e9fe0cb
2019-10-03 15:52:23,266 - INFO: Jack | Found cached result for 978dbf4eb67a5163335827d81e9fe0cb
2019-10-03 15:52:23,267 - INFO: Jack | Result size: (32, 2)
2019-10-03 15:54:15,209 - INFO: Jack | Created DAU query SELECT date_event_nk date,COUNT(DISTINCT session_long) dau FROM ods.panameraolx_asia_hydra_ninja_android_201901 WHERE trackevent NOT IN ('app_open','on_create','apps','push_dis','pushDis','push_rcv','pushRcv','UAReg','ua_reg','uareg','push_dismissed','push_show','fetching_matrix','not_found','permissions_impression','userBadgeCount','test_assignment','test_impression','test_discovered','FCMReg','APNSReg','appOpn','appOpen','google_play_services','fetchTestDefinitionsError','messages_scheduler_ended','messages_scheduler_started','chat_auth_fail') AND country_sk='olx|asia|in' GROUP BY date_event_nk ORDER BY date_event_nk
2019-10-03 15:54:15,209 - INFO: Jack | Query hash: dd934d09ccf0064432d2a7313b349960
2019-10-03 15:54:15,215 - INFO: Jack | Found cached result for dd934d09ccf0064432d2a7313b349960
2019-10-03 15:54:15,215 - INFO: Jack | Result size: (32, 2)
2019-10-03 15:54:15,217 - INFO: Jack | Created DAU query SELECT date_event_nk date,COUNT(DISTINCT session_long) dau FROM ods.panameraolx_asia_hydra_ninja_android_201902 WHERE trackevent NOT IN ('app_open','on_create','apps','push_dis','pushDis','push_rcv','pushRcv','UAReg','ua_reg','uareg','push_dismissed','push_show','fetching_matrix','not_found','permissions_impression','userBadgeCount','test_assignment','test_impression','test_discovered','FCMReg','APNSReg','appOpn','appOpen','google_play_services','fetchTestDefinitionsError','messages_scheduler_ended','messages_scheduler_started','chat_auth_fail') AND country_sk='olx|asia|in' GROUP BY date_event_nk ORDER BY date_event_nk
2019-10-03 15:54:15,217 - INFO: Jack | Query hash: c6b3a4d09d6a496397c6ef2a3fb075f4
2019-10-03 15:54:15,224 - INFO: Jack | Found cached result for c6b3a4d09d6a496397c6ef2a3fb075f4
2019-10-03 15:54:15,224 - INFO: Jack | Result size: (29, 2)
2019-10-03 15:54:15,226 - INFO: Jack | Created DAU query SELECT date_event_nk date,COUNT(DISTINCT session_long) dau FROM ods.panameraolx_asia_hydra_ninja_android_201903 WHERE trackevent NOT IN ('app_open','on_create','apps','push_dis','pushDis','push_rcv','pushRcv','UAReg','ua_reg','uareg','push_dismissed','push_show','fetching_matrix','not_found','permissions_impression','userBadgeCount','test_assignment','test_impression','test_discovered','FCMReg','APNSReg','appOpn','appOpen','google_play_services','fetchTestDefinitionsError','messages_scheduler_ended','messages_scheduler_started','chat_auth_fail') AND country_sk='olx|asia|in' GROUP BY date_event_nk ORDER BY date_event_nk
2019-10-03 15:54:15,226 - INFO: Jack | Query hash: 978dbf4eb67a5163335827d81e9fe0cb
2019-10-03 15:54:15,231 - INFO: Jack | Found cached result for 978dbf4eb67a5163335827d81e9fe0cb
2019-10-03 15:54:15,232 - INFO: Jack | Result size: (32, 2)
2019-10-03 15:54:15,233 - INFO: Jack | Created DAU query SELECT date_event_nk date,COUNT(DISTINCT session_long) dau FROM ods.panameraolx_asia_hydra_ninja_android_201904 WHERE trackevent NOT IN ('app_open','on_create','apps','push_dis','pushDis','push_rcv','pushRcv','UAReg','ua_reg','uareg','push_dismissed','push_show','fetching_matrix','not_found','permissions_impression','userBadgeCount','test_assignment','test_impression','test_discovered','FCMReg','APNSReg','appOpn','appOpen','google_play_services','fetchTestDefinitionsError','messages_scheduler_ended','messages_scheduler_started','chat_auth_fail') AND country_sk='olx|asia|in' GROUP BY date_event_nk ORDER BY date_event_nk
2019-10-03 15:54:15,233 - INFO: Jack | Query hash: 28fcd5cc373c483bbe71bf2f60417404
2019-10-03 15:54:53,714 - INFO: Store | Stored 28fcd5cc373c483bbe71bf2f60417404 to the cache
2019-10-03 15:54:53,715 - INFO: Jack | Result size: (31, 2)
2019-10-03 15:54:53,716 - INFO: Jack | Created DAU query SELECT date_event_nk date,COUNT(DISTINCT session_long) dau FROM ods.panameraolx_asia_hydra_ninja_android_201905 WHERE trackevent NOT IN ('app_open','on_create','apps','push_dis','pushDis','push_rcv','pushRcv','UAReg','ua_reg','uareg','push_dismissed','push_show','fetching_matrix','not_found','permissions_impression','userBadgeCount','test_assignment','test_impression','test_discovered','FCMReg','APNSReg','appOpn','appOpen','google_play_services','fetchTestDefinitionsError','messages_scheduler_ended','messages_scheduler_started','chat_auth_fail') AND country_sk='olx|asia|in' GROUP BY date_event_nk ORDER BY date_event_nk
2019-10-03 15:54:53,716 - INFO: Jack | Query hash: 4f27191129f97bcb12c9be3aa535791a
2019-10-03 15:55:29,065 - INFO: Store | Stored 4f27191129f97bcb12c9be3aa535791a to the cache
2019-10-03 15:55:29,065 - INFO: Jack | Result size: (32, 2)
2019-10-03 15:55:29,067 - INFO: Jack | Created DAU query SELECT date_event_nk date,COUNT(DISTINCT session_long) dau FROM ods.panameraolx_asia_hydra_ninja_android_201906 WHERE trackevent NOT IN ('app_open','on_create','apps','push_dis','pushDis','push_rcv','pushRcv','UAReg','ua_reg','uareg','push_dismissed','push_show','fetching_matrix','not_found','permissions_impression','userBadgeCount','test_assignment','test_impression','test_discovered','FCMReg','APNSReg','appOpn','appOpen','google_play_services','fetchTestDefinitionsError','messages_scheduler_ended','messages_scheduler_started','chat_auth_fail') AND country_sk='olx|asia|in' GROUP BY date_event_nk ORDER BY date_event_nk
2019-10-03 15:55:29,067 - INFO: Jack | Query hash: e3c0e2b76bd579afdcc6d8f6ec636e77
2019-10-03 15:56:04,704 - INFO: Store | Stored e3c0e2b76bd579afdcc6d8f6ec636e77 to the cache
2019-10-03 15:56:04,705 - INFO: Jack | Result size: (31, 2)
2019-10-03 15:56:04,707 - INFO: Jack | Created DAU query SELECT date_event_nk date,COUNT(DISTINCT session_long) dau FROM ods.panameraolx_asia_hydra_ninja_android_201907 WHERE trackevent NOT IN ('app_open','on_create','apps','push_dis','pushDis','push_rcv','pushRcv','UAReg','ua_reg','uareg','push_dismissed','push_show','fetching_matrix','not_found','permissions_impression','userBadgeCount','test_assignment','test_impression','test_discovered','FCMReg','APNSReg','appOpn','appOpen','google_play_services','fetchTestDefinitionsError','messages_scheduler_ended','messages_scheduler_started','chat_auth_fail') AND country_sk='olx|asia|in' GROUP BY date_event_nk ORDER BY date_event_nk
2019-10-03 15:56:04,707 - INFO: Jack | Query hash: ba5299ea9c3922ae6fc765f1fd3b36cb
2019-10-03 15:56:46,497 - INFO: Store | Stored ba5299ea9c3922ae6fc765f1fd3b36cb to the cache
2019-10-03 15:56:46,497 - INFO: Jack | Result size: (32, 2)
2019-10-03 15:56:46,498 - INFO: Jack | Created DAU query SELECT date_event_nk date,COUNT(DISTINCT session_long) dau FROM ods.panameraolx_asia_hydra_ninja_android_201908 WHERE trackevent NOT IN ('app_open','on_create','apps','push_dis','pushDis','push_rcv','pushRcv','UAReg','ua_reg','uareg','push_dismissed','push_show','fetching_matrix','not_found','permissions_impression','userBadgeCount','test_assignment','test_impression','test_discovered','FCMReg','APNSReg','appOpn','appOpen','google_play_services','fetchTestDefinitionsError','messages_scheduler_ended','messages_scheduler_started','chat_auth_fail') AND country_sk='olx|asia|in' GROUP BY date_event_nk ORDER BY date_event_nk
2019-10-03 15:56:46,499 - INFO: Jack | Query hash: be027b4cf1184af7a82122839ae295ef
2019-10-03 15:57:31,276 - INFO: Store | Stored be027b4cf1184af7a82122839ae295ef to the cache
2019-10-03 15:57:31,276 - INFO: Jack | Result size: (32, 2)
2019-10-03 15:57:31,278 - INFO: Jack | Created DAU query SELECT date_event_nk date,COUNT(DISTINCT session_long) dau FROM ods.panameraolx_asia_hydra_ninja_android_201909 WHERE trackevent NOT IN ('app_open','on_create','apps','push_dis','pushDis','push_rcv','pushRcv','UAReg','ua_reg','uareg','push_dismissed','push_show','fetching_matrix','not_found','permissions_impression','userBadgeCount','test_assignment','test_impression','test_discovered','FCMReg','APNSReg','appOpn','appOpen','google_play_services','fetchTestDefinitionsError','messages_scheduler_ended','messages_scheduler_started','chat_auth_fail') AND country_sk='olx|asia|in' GROUP BY date_event_nk ORDER BY date_event_nk
2019-10-03 15:57:31,278 - INFO: Jack | Query hash: 7834992fff6cd385c0680c62a7b29927
2019-10-03 15:58:27,267 - INFO: Store | Stored 7834992fff6cd385c0680c62a7b29927 to the cache
2019-10-03 15:58:27,267 - INFO: Jack | Result size: (31, 2)
2019-10-03 15:58:27,269 - INFO: Jack | Created DAU query SELECT date_event_nk date,COUNT(DISTINCT session_long) dau FROM ods.panameraolx_asia_hydra_ninja_android_201910 WHERE trackevent NOT IN ('app_open','on_create','apps','push_dis','pushDis','push_rcv','pushRcv','UAReg','ua_reg','uareg','push_dismissed','push_show','fetching_matrix','not_found','permissions_impression','userBadgeCount','test_assignment','test_impression','test_discovered','FCMReg','APNSReg','appOpn','appOpen','google_play_services','fetchTestDefinitionsError','messages_scheduler_ended','messages_scheduler_started','chat_auth_fail') AND country_sk='olx|asia|in' GROUP BY date_event_nk ORDER BY date_event_nk
2019-10-03 15:58:27,269 - INFO: Jack | Query hash: ab53410c6099538051ddbc3629e4f1c1
2019-10-03 15:58:35,426 - INFO: Store | Stored ab53410c6099538051ddbc3629e4f1c1 to the cache
2019-10-03 15:58:35,426 - INFO: Jack | Result size: (4, 2)
2019-10-03 15:58:35,428 - INFO: Jack | Created DAU query SELECT date_event_nk date,COUNT(DISTINCT session_long) dau FROM ods.panameraolx_asia_hydra_ninja_android_201911 WHERE trackevent NOT IN ('app_open','on_create','apps','push_dis','pushDis','push_rcv','pushRcv','UAReg','ua_reg','uareg','push_dismissed','push_show','fetching_matrix','not_found','permissions_impression','userBadgeCount','test_assignment','test_impression','test_discovered','FCMReg','APNSReg','appOpn','appOpen','google_play_services','fetchTestDefinitionsError','messages_scheduler_ended','messages_scheduler_started','chat_auth_fail') AND country_sk='olx|asia|in' GROUP BY date_event_nk ORDER BY date_event_nk
2019-10-03 15:58:35,428 - INFO: Jack | Query hash: 8a772b5bf38b6c7f0ca2a9a7374a23f6
2019-10-03 15:59:59,846 - ERROR: Invalid alias: The name clear can't be aliased because it is another magic command.
2019-10-03 15:59:59,848 - ERROR: Invalid alias: The name more can't be aliased because it is another magic command.
2019-10-03 15:59:59,848 - ERROR: Invalid alias: The name less can't be aliased because it is another magic command.
2019-10-03 15:59:59,848 - ERROR: Invalid alias: The name man can't be aliased because it is another magic command.
