2019-10-03 16:12:14,679 - INFO: Connector | set dbname to: redshift
2019-10-03 16:12:14,679 - INFO: Connector | set url to: panamera-ods.cnsuxis6zqxr.us-west-2.redshift.amazonaws.com:5439/panameraods
2019-10-03 16:12:14,679 - INFO: Connector | set username to: lucasdresl
2019-10-03 16:12:20,869 - INFO: Connector | Connected to: postgresql://lucasdresl:cQsY801a76x82x62aWDT@panamera-ods.cnsuxis6zqxr.us-west-2.redshift.amazonaws.com:5439/panameraods
2019-10-03 16:12:25,318 - INFO: Jack | Created DAU query SELECT date_event_nk date,COUNT(DISTINCT session_long) dau FROM ods.panameraolx_asia_hydra_ninja_android_201901 WHERE trackevent NOT IN ('app_open','on_create','apps','push_dis','pushDis','push_rcv','pushRcv','UAReg','ua_reg','uareg','push_dismissed','push_show','fetching_matrix','not_found','permissions_impression','userBadgeCount','test_assignment','test_impression','test_discovered','FCMReg','APNSReg','appOpn','appOpen','google_play_services','fetchTestDefinitionsError','messages_scheduler_ended','messages_scheduler_started','chat_auth_fail') AND country_sk='olx|asia|in' GROUP BY date_event_nk ORDER BY date_event_nk
2019-10-03 16:12:25,318 - INFO: Jack | Query hash: dd934d09ccf0064432d2a7313b349960
2019-10-03 16:12:26,175 - INFO: Jack | Found cached result for dd934d09ccf0064432d2a7313b349960
2019-10-03 16:12:26,176 - INFO: Jack | Result size: (32, 2)
2019-10-03 16:12:26,177 - INFO: Jack | Created DAU query SELECT date_event_nk date,COUNT(DISTINCT session_long) dau FROM ods.panameraolx_asia_hydra_ninja_android_201902 WHERE trackevent NOT IN ('app_open','on_create','apps','push_dis','pushDis','push_rcv','pushRcv','UAReg','ua_reg','uareg','push_dismissed','push_show','fetching_matrix','not_found','permissions_impression','userBadgeCount','test_assignment','test_impression','test_discovered','FCMReg','APNSReg','appOpn','appOpen','google_play_services','fetchTestDefinitionsError','messages_scheduler_ended','messages_scheduler_started','chat_auth_fail') AND country_sk='olx|asia|in' GROUP BY date_event_nk ORDER BY date_event_nk
2019-10-03 16:12:26,177 - INFO: Jack | Query hash: c6b3a4d09d6a496397c6ef2a3fb075f4
2019-10-03 16:12:26,181 - INFO: Jack | Found cached result for c6b3a4d09d6a496397c6ef2a3fb075f4
2019-10-03 16:12:26,181 - INFO: Jack | Result size: (29, 2)
2019-10-03 16:12:26,182 - INFO: Jack | Created DAU query SELECT date_event_nk date,COUNT(DISTINCT session_long) dau FROM ods.panameraolx_asia_hydra_ninja_android_201903 WHERE trackevent NOT IN ('app_open','on_create','apps','push_dis','pushDis','push_rcv','pushRcv','UAReg','ua_reg','uareg','push_dismissed','push_show','fetching_matrix','not_found','permissions_impression','userBadgeCount','test_assignment','test_impression','test_discovered','FCMReg','APNSReg','appOpn','appOpen','google_play_services','fetchTestDefinitionsError','messages_scheduler_ended','messages_scheduler_started','chat_auth_fail') AND country_sk='olx|asia|in' GROUP BY date_event_nk ORDER BY date_event_nk
2019-10-03 16:12:26,182 - INFO: Jack | Query hash: 978dbf4eb67a5163335827d81e9fe0cb
2019-10-03 16:12:26,185 - INFO: Jack | Found cached result for 978dbf4eb67a5163335827d81e9fe0cb
2019-10-03 16:12:26,185 - INFO: Jack | Result size: (32, 2)
2019-10-03 16:12:26,186 - INFO: Jack | Created DAU query SELECT date_event_nk date,COUNT(DISTINCT session_long) dau FROM ods.panameraolx_asia_hydra_ninja_android_201904 WHERE trackevent NOT IN ('app_open','on_create','apps','push_dis','pushDis','push_rcv','pushRcv','UAReg','ua_reg','uareg','push_dismissed','push_show','fetching_matrix','not_found','permissions_impression','userBadgeCount','test_assignment','test_impression','test_discovered','FCMReg','APNSReg','appOpn','appOpen','google_play_services','fetchTestDefinitionsError','messages_scheduler_ended','messages_scheduler_started','chat_auth_fail') AND country_sk='olx|asia|in' GROUP BY date_event_nk ORDER BY date_event_nk
2019-10-03 16:12:26,186 - INFO: Jack | Query hash: 28fcd5cc373c483bbe71bf2f60417404
2019-10-03 16:12:26,189 - INFO: Jack | Found cached result for 28fcd5cc373c483bbe71bf2f60417404
2019-10-03 16:12:26,189 - INFO: Jack | Result size: (31, 2)
2019-10-03 16:12:26,190 - INFO: Jack | Created DAU query SELECT date_event_nk date,COUNT(DISTINCT session_long) dau FROM ods.panameraolx_asia_hydra_ninja_android_201905 WHERE trackevent NOT IN ('app_open','on_create','apps','push_dis','pushDis','push_rcv','pushRcv','UAReg','ua_reg','uareg','push_dismissed','push_show','fetching_matrix','not_found','permissions_impression','userBadgeCount','test_assignment','test_impression','test_discovered','FCMReg','APNSReg','appOpn','appOpen','google_play_services','fetchTestDefinitionsError','messages_scheduler_ended','messages_scheduler_started','chat_auth_fail') AND country_sk='olx|asia|in' GROUP BY date_event_nk ORDER BY date_event_nk
2019-10-03 16:12:26,190 - INFO: Jack | Query hash: 4f27191129f97bcb12c9be3aa535791a
2019-10-03 16:12:26,193 - INFO: Jack | Found cached result for 4f27191129f97bcb12c9be3aa535791a
2019-10-03 16:12:26,193 - INFO: Jack | Result size: (32, 2)
2019-10-03 16:12:26,194 - INFO: Jack | Created DAU query SELECT date_event_nk date,COUNT(DISTINCT session_long) dau FROM ods.panameraolx_asia_hydra_ninja_android_201906 WHERE trackevent NOT IN ('app_open','on_create','apps','push_dis','pushDis','push_rcv','pushRcv','UAReg','ua_reg','uareg','push_dismissed','push_show','fetching_matrix','not_found','permissions_impression','userBadgeCount','test_assignment','test_impression','test_discovered','FCMReg','APNSReg','appOpn','appOpen','google_play_services','fetchTestDefinitionsError','messages_scheduler_ended','messages_scheduler_started','chat_auth_fail') AND country_sk='olx|asia|in' GROUP BY date_event_nk ORDER BY date_event_nk
2019-10-03 16:12:26,195 - INFO: Jack | Query hash: e3c0e2b76bd579afdcc6d8f6ec636e77
2019-10-03 16:12:26,197 - INFO: Jack | Found cached result for e3c0e2b76bd579afdcc6d8f6ec636e77
2019-10-03 16:12:26,197 - INFO: Jack | Result size: (31, 2)
2019-10-03 16:12:26,198 - INFO: Jack | Created DAU query SELECT date_event_nk date,COUNT(DISTINCT session_long) dau FROM ods.panameraolx_asia_hydra_ninja_android_201907 WHERE trackevent NOT IN ('app_open','on_create','apps','push_dis','pushDis','push_rcv','pushRcv','UAReg','ua_reg','uareg','push_dismissed','push_show','fetching_matrix','not_found','permissions_impression','userBadgeCount','test_assignment','test_impression','test_discovered','FCMReg','APNSReg','appOpn','appOpen','google_play_services','fetchTestDefinitionsError','messages_scheduler_ended','messages_scheduler_started','chat_auth_fail') AND country_sk='olx|asia|in' GROUP BY date_event_nk ORDER BY date_event_nk
2019-10-03 16:12:26,198 - INFO: Jack | Query hash: ba5299ea9c3922ae6fc765f1fd3b36cb
2019-10-03 16:12:26,202 - INFO: Jack | Found cached result for ba5299ea9c3922ae6fc765f1fd3b36cb
2019-10-03 16:12:26,202 - INFO: Jack | Result size: (32, 2)
2019-10-03 16:12:26,204 - INFO: Jack | Created DAU query SELECT date_event_nk date,COUNT(DISTINCT session_long) dau FROM ods.panameraolx_asia_hydra_ninja_android_201908 WHERE trackevent NOT IN ('app_open','on_create','apps','push_dis','pushDis','push_rcv','pushRcv','UAReg','ua_reg','uareg','push_dismissed','push_show','fetching_matrix','not_found','permissions_impression','userBadgeCount','test_assignment','test_impression','test_discovered','FCMReg','APNSReg','appOpn','appOpen','google_play_services','fetchTestDefinitionsError','messages_scheduler_ended','messages_scheduler_started','chat_auth_fail') AND country_sk='olx|asia|in' GROUP BY date_event_nk ORDER BY date_event_nk
2019-10-03 16:12:26,204 - INFO: Jack | Query hash: be027b4cf1184af7a82122839ae295ef
2019-10-03 16:12:26,208 - INFO: Jack | Found cached result for be027b4cf1184af7a82122839ae295ef
2019-10-03 16:12:26,208 - INFO: Jack | Result size: (32, 2)
2019-10-03 16:12:26,209 - INFO: Jack | Created DAU query SELECT date_event_nk date,COUNT(DISTINCT session_long) dau FROM ods.panameraolx_asia_hydra_ninja_android_201909 WHERE trackevent NOT IN ('app_open','on_create','apps','push_dis','pushDis','push_rcv','pushRcv','UAReg','ua_reg','uareg','push_dismissed','push_show','fetching_matrix','not_found','permissions_impression','userBadgeCount','test_assignment','test_impression','test_discovered','FCMReg','APNSReg','appOpn','appOpen','google_play_services','fetchTestDefinitionsError','messages_scheduler_ended','messages_scheduler_started','chat_auth_fail') AND country_sk='olx|asia|in' GROUP BY date_event_nk ORDER BY date_event_nk
2019-10-03 16:12:26,209 - INFO: Jack | Query hash: 7834992fff6cd385c0680c62a7b29927
2019-10-03 16:12:26,212 - INFO: Jack | Found cached result for 7834992fff6cd385c0680c62a7b29927
2019-10-03 16:12:26,212 - INFO: Jack | Result size: (31, 2)
2019-10-03 16:13:13,162 - INFO: Jack | Created DAU query SELECT date_event_nk date,COUNT(DISTINCT session_long) dau FROM ods.panameraolx_asia_hydra_ninja_android_201901 WHERE trackevent NOT IN ('app_open','on_create','apps','push_dis','pushDis','push_rcv','pushRcv','UAReg','ua_reg','uareg','push_dismissed','push_show','fetching_matrix','not_found','permissions_impression','userBadgeCount','test_assignment','test_impression','test_discovered','FCMReg','APNSReg','appOpn','appOpen','google_play_services','fetchTestDefinitionsError','messages_scheduler_ended','messages_scheduler_started','chat_auth_fail') AND country_sk='olx|asia|in' GROUP BY date_event_nk ORDER BY date_event_nk
2019-10-03 16:13:13,162 - INFO: Jack | Query hash: dd934d09ccf0064432d2a7313b349960
2019-10-03 16:13:13,167 - INFO: Jack | Found cached result for dd934d09ccf0064432d2a7313b349960
2019-10-03 16:13:13,167 - INFO: Jack | Result size: (32, 2)
2019-10-03 16:13:13,169 - INFO: Jack | Created DAU query SELECT date_event_nk date,COUNT(DISTINCT session_long) dau FROM ods.panameraolx_asia_hydra_ninja_android_201902 WHERE trackevent NOT IN ('app_open','on_create','apps','push_dis','pushDis','push_rcv','pushRcv','UAReg','ua_reg','uareg','push_dismissed','push_show','fetching_matrix','not_found','permissions_impression','userBadgeCount','test_assignment','test_impression','test_discovered','FCMReg','APNSReg','appOpn','appOpen','google_play_services','fetchTestDefinitionsError','messages_scheduler_ended','messages_scheduler_started','chat_auth_fail') AND country_sk='olx|asia|in' GROUP BY date_event_nk ORDER BY date_event_nk
2019-10-03 16:13:13,169 - INFO: Jack | Query hash: c6b3a4d09d6a496397c6ef2a3fb075f4
2019-10-03 16:13:13,174 - INFO: Jack | Found cached result for c6b3a4d09d6a496397c6ef2a3fb075f4
2019-10-03 16:13:13,175 - INFO: Jack | Result size: (29, 2)
2019-10-03 16:13:13,178 - INFO: Jack | Created DAU query SELECT date_event_nk date,COUNT(DISTINCT session_long) dau FROM ods.panameraolx_asia_hydra_ninja_android_201903 WHERE trackevent NOT IN ('app_open','on_create','apps','push_dis','pushDis','push_rcv','pushRcv','UAReg','ua_reg','uareg','push_dismissed','push_show','fetching_matrix','not_found','permissions_impression','userBadgeCount','test_assignment','test_impression','test_discovered','FCMReg','APNSReg','appOpn','appOpen','google_play_services','fetchTestDefinitionsError','messages_scheduler_ended','messages_scheduler_started','chat_auth_fail') AND country_sk='olx|asia|in' GROUP BY date_event_nk ORDER BY date_event_nk
2019-10-03 16:13:13,178 - INFO: Jack | Query hash: 978dbf4eb67a5163335827d81e9fe0cb
2019-10-03 16:13:13,181 - INFO: Jack | Found cached result for 978dbf4eb67a5163335827d81e9fe0cb
2019-10-03 16:13:13,181 - INFO: Jack | Result size: (32, 2)
2019-10-03 16:13:13,183 - INFO: Jack | Created DAU query SELECT date_event_nk date,COUNT(DISTINCT session_long) dau FROM ods.panameraolx_asia_hydra_ninja_android_201904 WHERE trackevent NOT IN ('app_open','on_create','apps','push_dis','pushDis','push_rcv','pushRcv','UAReg','ua_reg','uareg','push_dismissed','push_show','fetching_matrix','not_found','permissions_impression','userBadgeCount','test_assignment','test_impression','test_discovered','FCMReg','APNSReg','appOpn','appOpen','google_play_services','fetchTestDefinitionsError','messages_scheduler_ended','messages_scheduler_started','chat_auth_fail') AND country_sk='olx|asia|in' GROUP BY date_event_nk ORDER BY date_event_nk
2019-10-03 16:13:13,183 - INFO: Jack | Query hash: 28fcd5cc373c483bbe71bf2f60417404
2019-10-03 16:13:13,186 - INFO: Jack | Found cached result for 28fcd5cc373c483bbe71bf2f60417404
2019-10-03 16:13:13,186 - INFO: Jack | Result size: (31, 2)
2019-10-03 16:13:13,187 - INFO: Jack | Created DAU query SELECT date_event_nk date,COUNT(DISTINCT session_long) dau FROM ods.panameraolx_asia_hydra_ninja_android_201905 WHERE trackevent NOT IN ('app_open','on_create','apps','push_dis','pushDis','push_rcv','pushRcv','UAReg','ua_reg','uareg','push_dismissed','push_show','fetching_matrix','not_found','permissions_impression','userBadgeCount','test_assignment','test_impression','test_discovered','FCMReg','APNSReg','appOpn','appOpen','google_play_services','fetchTestDefinitionsError','messages_scheduler_ended','messages_scheduler_started','chat_auth_fail') AND country_sk='olx|asia|in' GROUP BY date_event_nk ORDER BY date_event_nk
2019-10-03 16:13:13,187 - INFO: Jack | Query hash: 4f27191129f97bcb12c9be3aa535791a
2019-10-03 16:13:13,191 - INFO: Jack | Found cached result for 4f27191129f97bcb12c9be3aa535791a
2019-10-03 16:13:13,191 - INFO: Jack | Result size: (32, 2)
2019-10-03 16:13:13,193 - INFO: Jack | Created DAU query SELECT date_event_nk date,COUNT(DISTINCT session_long) dau FROM ods.panameraolx_asia_hydra_ninja_android_201906 WHERE trackevent NOT IN ('app_open','on_create','apps','push_dis','pushDis','push_rcv','pushRcv','UAReg','ua_reg','uareg','push_dismissed','push_show','fetching_matrix','not_found','permissions_impression','userBadgeCount','test_assignment','test_impression','test_discovered','FCMReg','APNSReg','appOpn','appOpen','google_play_services','fetchTestDefinitionsError','messages_scheduler_ended','messages_scheduler_started','chat_auth_fail') AND country_sk='olx|asia|in' GROUP BY date_event_nk ORDER BY date_event_nk
2019-10-03 16:13:13,193 - INFO: Jack | Query hash: e3c0e2b76bd579afdcc6d8f6ec636e77
2019-10-03 16:13:13,196 - INFO: Jack | Found cached result for e3c0e2b76bd579afdcc6d8f6ec636e77
2019-10-03 16:13:13,197 - INFO: Jack | Result size: (31, 2)
2019-10-03 16:13:13,198 - INFO: Jack | Created DAU query SELECT date_event_nk date,COUNT(DISTINCT session_long) dau FROM ods.panameraolx_asia_hydra_ninja_android_201907 WHERE trackevent NOT IN ('app_open','on_create','apps','push_dis','pushDis','push_rcv','pushRcv','UAReg','ua_reg','uareg','push_dismissed','push_show','fetching_matrix','not_found','permissions_impression','userBadgeCount','test_assignment','test_impression','test_discovered','FCMReg','APNSReg','appOpn','appOpen','google_play_services','fetchTestDefinitionsError','messages_scheduler_ended','messages_scheduler_started','chat_auth_fail') AND country_sk='olx|asia|in' GROUP BY date_event_nk ORDER BY date_event_nk
2019-10-03 16:13:13,198 - INFO: Jack | Query hash: ba5299ea9c3922ae6fc765f1fd3b36cb
2019-10-03 16:13:13,202 - INFO: Jack | Found cached result for ba5299ea9c3922ae6fc765f1fd3b36cb
2019-10-03 16:13:13,202 - INFO: Jack | Result size: (32, 2)
2019-10-03 16:13:13,204 - INFO: Jack | Created DAU query SELECT date_event_nk date,COUNT(DISTINCT session_long) dau FROM ods.panameraolx_asia_hydra_ninja_android_201908 WHERE trackevent NOT IN ('app_open','on_create','apps','push_dis','pushDis','push_rcv','pushRcv','UAReg','ua_reg','uareg','push_dismissed','push_show','fetching_matrix','not_found','permissions_impression','userBadgeCount','test_assignment','test_impression','test_discovered','FCMReg','APNSReg','appOpn','appOpen','google_play_services','fetchTestDefinitionsError','messages_scheduler_ended','messages_scheduler_started','chat_auth_fail') AND country_sk='olx|asia|in' GROUP BY date_event_nk ORDER BY date_event_nk
2019-10-03 16:13:13,205 - INFO: Jack | Query hash: be027b4cf1184af7a82122839ae295ef
2019-10-03 16:13:13,207 - INFO: Jack | Found cached result for be027b4cf1184af7a82122839ae295ef
2019-10-03 16:13:13,207 - INFO: Jack | Result size: (32, 2)
2019-10-03 16:13:13,208 - INFO: Jack | Created DAU query SELECT date_event_nk date,COUNT(DISTINCT session_long) dau FROM ods.panameraolx_asia_hydra_ninja_android_201909 WHERE trackevent NOT IN ('app_open','on_create','apps','push_dis','pushDis','push_rcv','pushRcv','UAReg','ua_reg','uareg','push_dismissed','push_show','fetching_matrix','not_found','permissions_impression','userBadgeCount','test_assignment','test_impression','test_discovered','FCMReg','APNSReg','appOpn','appOpen','google_play_services','fetchTestDefinitionsError','messages_scheduler_ended','messages_scheduler_started','chat_auth_fail') AND country_sk='olx|asia|in' GROUP BY date_event_nk ORDER BY date_event_nk
2019-10-03 16:13:13,208 - INFO: Jack | Query hash: 7834992fff6cd385c0680c62a7b29927
2019-10-03 16:13:13,211 - INFO: Jack | Found cached result for 7834992fff6cd385c0680c62a7b29927
2019-10-03 16:13:13,211 - INFO: Jack | Result size: (31, 2)
2019-10-08 17:54:03,654 - ERROR: Invalid alias: The name clear can't be aliased because it is another magic command.
2019-10-08 17:54:03,655 - ERROR: Invalid alias: The name more can't be aliased because it is another magic command.
2019-10-08 17:54:03,655 - ERROR: Invalid alias: The name less can't be aliased because it is another magic command.
2019-10-08 17:54:03,655 - ERROR: Invalid alias: The name man can't be aliased because it is another magic command.
